[ 2015-10-26T23:55:07+08:00 ] ::1 /blog/index.php/Admin/Login/index
INFO: [ app_begin ] --START--
INFO: Run Behavior\ReadHtmlCacheBehavior [ RunTime:0.000727s ]
INFO: [ app_begin ] --END-- [ RunTime:0.001445s ]
NOTIC: [8] Use of undefined constant email - assumed 'email' E:\wamp\www\ThinkPHP\Common\functions.php 第 588 行.
SQL: SHOW COLUMNS FROM `tp_user` [ RunTime:0.0060s ]
NOTIC: [8] Undefined index: validate E:\wamp\www\ThinkPHP\Library\Think\Model.class.php 第 1185 行.
NOTIC: [8] Undefined index: auto E:\wamp\www\ThinkPHP\Library\Think\Model.class.php 第 1128 行.
SQL: SELECT * FROM `tp_user` WHERE `username` = 'admin' AND `password` = 'a5f9fa391eeb0837e3c1feb7f61b90b5' LIMIT 1   [ RunTime:0.0007s ]

[ 2015-10-26T23:55:12+08:00 ] ::1 /blog/index.php/Admin/Login/index
INFO: [ app_begin ] --START--
INFO: Run Behavior\ReadHtmlCacheBehavior [ RunTime:0.000685s ]
INFO: [ app_begin ] --END-- [ RunTime:0.001364s ]
NOTIC: [8] Use of undefined constant email - assumed 'email' E:\wamp\www\ThinkPHP\Common\functions.php 第 588 行.
SQL: SHOW COLUMNS FROM `tp_user` [ RunTime:0.0061s ]
NOTIC: [8] Undefined index: validate E:\wamp\www\ThinkPHP\Library\Think\Model.class.php 第 1185 行.

[ 2015-10-26T23:55:15+08:00 ] ::1 /blog/index.php/Admin/Login/index
INFO: [ app_begin ] --START--
INFO: Run Behavior\ReadHtmlCacheBehavior [ RunTime:0.000743s ]
INFO: [ app_begin ] --END-- [ RunTime:0.001432s ]
NOTIC: [8] Use of undefined constant email - assumed 'email' E:\wamp\www\ThinkPHP\Common\functions.php 第 588 行.
SQL: SHOW COLUMNS FROM `tp_user` [ RunTime:0.0056s ]
NOTIC: [8] Undefined index: validate E:\wamp\www\ThinkPHP\Library\Think\Model.class.php 第 1185 行.

[ 2015-10-26T23:55:17+08:00 ] ::1 /blog/index.php/Admin/Login/index
INFO: [ app_begin ] --START--
INFO: Run Behavior\ReadHtmlCacheBehavior [ RunTime:0.000720s ]
INFO: [ app_begin ] --END-- [ RunTime:0.001345s ]
NOTIC: [8] Use of undefined constant email - assumed 'email' E:\wamp\www\ThinkPHP\Common\functions.php 第 588 行.
SQL: SHOW COLUMNS FROM `tp_user` [ RunTime:0.0056s ]
NOTIC: [8] Undefined index: validate E:\wamp\www\ThinkPHP\Library\Think\Model.class.php 第 1185 行.

[ 2015-10-26T23:55:18+08:00 ] ::1 /blog/index.php/Admin/Login/index
INFO: [ app_begin ] --START--
INFO: Run Behavior\ReadHtmlCacheBehavior [ RunTime:0.000672s ]
INFO: [ app_begin ] --END-- [ RunTime:0.001331s ]
NOTIC: [8] Use of undefined constant email - assumed 'email' E:\wamp\www\ThinkPHP\Common\functions.php 第 588 行.
SQL: SHOW COLUMNS FROM `tp_user` [ RunTime:0.0055s ]
NOTIC: [8] Undefined index: validate E:\wamp\www\ThinkPHP\Library\Think\Model.class.php 第 1185 行.

[ 2015-10-26T23:55:18+08:00 ] ::1 /blog/index.php/Admin/Login/index
INFO: [ app_begin ] --START--
INFO: Run Behavior\ReadHtmlCacheBehavior [ RunTime:0.000731s ]
INFO: [ app_begin ] --END-- [ RunTime:0.001405s ]
NOTIC: [8] Use of undefined constant email - assumed 'email' E:\wamp\www\ThinkPHP\Common\functions.php 第 588 行.
SQL: SHOW COLUMNS FROM `tp_user` [ RunTime:0.0055s ]
NOTIC: [8] Undefined index: validate E:\wamp\www\ThinkPHP\Library\Think\Model.class.php 第 1185 行.

[ 2015-10-26T23:55:18+08:00 ] ::1 /blog/index.php/Admin/Login/index
INFO: [ app_begin ] --START--
INFO: Run Behavior\ReadHtmlCacheBehavior [ RunTime:0.001925s ]
INFO: [ app_begin ] --END-- [ RunTime:0.002549s ]
NOTIC: [8] Use of undefined constant email - assumed 'email' E:\wamp\www\ThinkPHP\Common\functions.php 第 588 行.
SQL: SHOW COLUMNS FROM `tp_user` [ RunTime:0.0053s ]
NOTIC: [8] Undefined index: validate E:\wamp\www\ThinkPHP\Library\Think\Model.class.php 第 1185 行.

[ 2015-10-26T23:55:31+08:00 ] ::1 /blog/index.php/Admin/Login/index
INFO: [ app_begin ] --START--
INFO: Run Behavior\ReadHtmlCacheBehavior [ RunTime:0.001379s ]
INFO: [ app_begin ] --END-- [ RunTime:0.003043s ]
NOTIC: [8] Use of undefined constant email - assumed 'email' E:\wamp\www\ThinkPHP\Common\functions.php 第 588 行.
SQL: SHOW COLUMNS FROM `tp_user` [ RunTime:0.0065s ]
NOTIC: [8] Undefined index: validate E:\wamp\www\ThinkPHP\Library\Think\Model.class.php 第 1185 行.
NOTIC: [8] Undefined index: auto E:\wamp\www\ThinkPHP\Library\Think\Model.class.php 第 1128 行.
SQL: SELECT * FROM `tp_user` WHERE `username` = 'admin' AND `password` = 'e10adc3949ba59abbe56e057f20f883e' LIMIT 1   [ RunTime:0.0006s ]

[ 2015-10-26T23:55:39+08:00 ] ::1 /blog/index.php/Admin/Login/index
INFO: [ app_begin ] --START--
INFO: Run Behavior\ReadHtmlCacheBehavior [ RunTime:0.001680s ]
INFO: [ app_begin ] --END-- [ RunTime:0.003010s ]
NOTIC: [8] Use of undefined constant email - assumed 'email' E:\wamp\www\ThinkPHP\Common\functions.php 第 588 行.
SQL: SHOW COLUMNS FROM `tp_user` [ RunTime:0.0076s ]
NOTIC: [8] Undefined index: validate E:\wamp\www\ThinkPHP\Library\Think\Model.class.php 第 1185 行.

[ 2015-10-26T23:56:04+08:00 ] ::1 /blog/index.php/Admin/Login/Register
INFO: [ app_begin ] --START--
INFO: Run Behavior\ReadHtmlCacheBehavior [ RunTime:0.001268s ]
INFO: [ app_begin ] --END-- [ RunTime:0.002017s ]
NOTIC: [8] Use of undefined constant email - assumed 'email' E:\wamp\www\ThinkPHP\Common\functions.php 第 588 行.
SQL: SHOW COLUMNS FROM `tp_user` [ RunTime:0.0078s ]
NOTIC: [8] Undefined index: validate E:\wamp\www\ThinkPHP\Library\Think\Model.class.php 第 1185 行.
SQL: SELECT * FROM `tp_user` WHERE `username` = 'admin' LIMIT 1   [ RunTime:0.0005s ]
NOTIC: [8] Undefined index: auto E:\wamp\www\ThinkPHP\Library\Think\Model.class.php 第 1128 行.
SQL: INSERT INTO `tp_user` (`username`,`password`,`email`,`registered`) VALUES ('admin','e10adc3949ba59abbe56e057f20f883e','123@qq.com','1445874963') [ RunTime:0.0738s ]
NOTIC: [8] Undefined index: mapping_name E:\wamp\www\ThinkPHP\Library\Think\Model\RelationModel.class.php 第 259 行.
SQL: SHOW COLUMNS FROM `tp_role` [ RunTime:0.0050s ]

[ 2015-10-26T23:56:13+08:00 ] ::1 /blog/index.php/Admin/Login/index
INFO: [ app_begin ] --START--
INFO: Run Behavior\ReadHtmlCacheBehavior [ RunTime:0.001815s ]
INFO: [ app_begin ] --END-- [ RunTime:0.002710s ]
NOTIC: [8] Use of undefined constant email - assumed 'email' E:\wamp\www\ThinkPHP\Common\functions.php 第 588 行.
SQL: SHOW COLUMNS FROM `tp_user` [ RunTime:0.0070s ]
NOTIC: [8] Undefined index: validate E:\wamp\www\ThinkPHP\Library\Think\Model.class.php 第 1185 行.
NOTIC: [8] Undefined index: auto E:\wamp\www\ThinkPHP\Library\Think\Model.class.php 第 1128 行.
SQL: SELECT * FROM `tp_user` WHERE `username` = 'admin' AND `password` = 'e10adc3949ba59abbe56e057f20f883e' LIMIT 1   [ RunTime:0.0007s ]
SQL: UPDATE `tp_user` SET `status`='1',`loginip`='0.0.0.0',`logintime`='1445874973' WHERE `id` = '3' [ RunTime:0.0932s ]
NOTIC: [8] Undefined index: mapping_name E:\wamp\www\ThinkPHP\Library\Think\Model\RelationModel.class.php 第 259 行.
SQL: SHOW COLUMNS FROM `tp_role` [ RunTime:0.0054s ]

[ 2015-10-26T23:56:22+08:00 ] ::1 /blog/index.php/Admin/Comment/reviewComments
ERR: 非法操作:reviewComments

