[ 2016-03-18T10:09:00+08:00 ] ::1 /index.php/Admin/Login/Register
INFO: [ app_begin ] --START--
INFO: Run Behavior\ReadHtmlCacheBehavior [ RunTime:0.001000s ]
INFO: [ app_begin ] --END-- [ RunTime:0.001000s ]
NOTIC: [8] Use of undefined constant email - assumed 'email' D:\wamp\www\ThinkPHP\Common\functions.php 第 588 行.
SQL: SHOW COLUMNS FROM `tp_user` [ RunTime:0.0030s ]
NOTIC: [8] Undefined index: validate D:\wamp\www\ThinkPHP\Library\Think\Model.class.php 第 1185 行.

[ 2016-03-18T10:09:01+08:00 ] ::1 /index.php/Admin/Login/Register
INFO: [ app_begin ] --START--
INFO: Run Behavior\ReadHtmlCacheBehavior [ RunTime:0.000000s ]
INFO: [ app_begin ] --END-- [ RunTime:0.001000s ]
NOTIC: [8] Use of undefined constant email - assumed 'email' D:\wamp\www\ThinkPHP\Common\functions.php 第 588 行.
SQL: SHOW COLUMNS FROM `tp_user` [ RunTime:0.0030s ]
NOTIC: [8] Undefined index: validate D:\wamp\www\ThinkPHP\Library\Think\Model.class.php 第 1185 行.

[ 2016-03-18T10:09:01+08:00 ] ::1 /index.php/Admin/Login/Register
INFO: [ app_begin ] --START--
INFO: Run Behavior\ReadHtmlCacheBehavior [ RunTime:0.000000s ]
INFO: [ app_begin ] --END-- [ RunTime:0.001000s ]
NOTIC: [8] Use of undefined constant email - assumed 'email' D:\wamp\www\ThinkPHP\Common\functions.php 第 588 行.
SQL: SHOW COLUMNS FROM `tp_user` [ RunTime:0.0030s ]
NOTIC: [8] Undefined index: validate D:\wamp\www\ThinkPHP\Library\Think\Model.class.php 第 1185 行.

[ 2016-03-18T10:09:02+08:00 ] ::1 /index.php/Admin/Login/index
INFO: [ app_begin ] --START--
INFO: Run Behavior\ReadHtmlCacheBehavior [ RunTime:0.000000s ]
INFO: [ app_begin ] --END-- [ RunTime:0.001000s ]
NOTIC: [8] Use of undefined constant email - assumed 'email' D:\wamp\www\ThinkPHP\Common\functions.php 第 588 行.
SQL: SHOW COLUMNS FROM `tp_user` [ RunTime:0.0030s ]
NOTIC: [8] Undefined index: validate D:\wamp\www\ThinkPHP\Library\Think\Model.class.php 第 1185 行.

[ 2016-03-18T10:09:02+08:00 ] ::1 /index.php/Admin/Login/index
INFO: [ app_begin ] --START--
INFO: Run Behavior\ReadHtmlCacheBehavior [ RunTime:0.001000s ]
INFO: [ app_begin ] --END-- [ RunTime:0.001000s ]
NOTIC: [8] Use of undefined constant email - assumed 'email' D:\wamp\www\ThinkPHP\Common\functions.php 第 588 行.
SQL: SHOW COLUMNS FROM `tp_user` [ RunTime:0.0030s ]
NOTIC: [8] Undefined index: validate D:\wamp\www\ThinkPHP\Library\Think\Model.class.php 第 1185 行.

[ 2016-03-18T10:09:02+08:00 ] ::1 /index.php/Admin/Login/index
INFO: [ app_begin ] --START--
INFO: Run Behavior\ReadHtmlCacheBehavior [ RunTime:0.001000s ]
INFO: [ app_begin ] --END-- [ RunTime:0.001000s ]
NOTIC: [8] Use of undefined constant email - assumed 'email' D:\wamp\www\ThinkPHP\Common\functions.php 第 588 行.
SQL: SHOW COLUMNS FROM `tp_user` [ RunTime:0.0030s ]
NOTIC: [8] Undefined index: validate D:\wamp\www\ThinkPHP\Library\Think\Model.class.php 第 1185 行.

[ 2016-03-18T10:09:03+08:00 ] ::1 /index.php/Admin/Login/index
INFO: [ app_begin ] --START--
INFO: Run Behavior\ReadHtmlCacheBehavior [ RunTime:0.001000s ]
INFO: [ app_begin ] --END-- [ RunTime:0.001000s ]
NOTIC: [8] Use of undefined constant email - assumed 'email' D:\wamp\www\ThinkPHP\Common\functions.php 第 588 行.
SQL: SHOW COLUMNS FROM `tp_user` [ RunTime:0.0020s ]
NOTIC: [8] Undefined index: validate D:\wamp\www\ThinkPHP\Library\Think\Model.class.php 第 1185 行.

[ 2016-03-18T10:09:03+08:00 ] ::1 /index.php/Admin/Login/index
INFO: [ app_begin ] --START--
INFO: Run Behavior\ReadHtmlCacheBehavior [ RunTime:0.000000s ]
INFO: [ app_begin ] --END-- [ RunTime:0.001000s ]
NOTIC: [8] Use of undefined constant email - assumed 'email' D:\wamp\www\ThinkPHP\Common\functions.php 第 588 行.
SQL: SHOW COLUMNS FROM `tp_user` [ RunTime:0.0030s ]
NOTIC: [8] Undefined index: validate D:\wamp\www\ThinkPHP\Library\Think\Model.class.php 第 1185 行.

[ 2016-03-18T10:09:03+08:00 ] ::1 /index.php/Admin/Login/index
INFO: [ app_begin ] --START--
INFO: Run Behavior\ReadHtmlCacheBehavior [ RunTime:0.000000s ]
INFO: [ app_begin ] --END-- [ RunTime:0.001000s ]
NOTIC: [8] Use of undefined constant email - assumed 'email' D:\wamp\www\ThinkPHP\Common\functions.php 第 588 行.
SQL: SHOW COLUMNS FROM `tp_user` [ RunTime:0.0030s ]
NOTIC: [8] Undefined index: validate D:\wamp\www\ThinkPHP\Library\Think\Model.class.php 第 1185 行.

[ 2016-03-18T10:09:03+08:00 ] ::1 /index.php/Admin/Login/index
INFO: [ app_begin ] --START--
INFO: Run Behavior\ReadHtmlCacheBehavior [ RunTime:0.001000s ]
INFO: [ app_begin ] --END-- [ RunTime:0.001000s ]
NOTIC: [8] Use of undefined constant email - assumed 'email' D:\wamp\www\ThinkPHP\Common\functions.php 第 588 行.
SQL: SHOW COLUMNS FROM `tp_user` [ RunTime:0.0030s ]
NOTIC: [8] Undefined index: validate D:\wamp\www\ThinkPHP\Library\Think\Model.class.php 第 1185 行.

[ 2016-03-18T10:10:13+08:00 ] ::1 /index.php/Admin/Login/index
INFO: [ app_begin ] --START--
INFO: Run Behavior\ReadHtmlCacheBehavior [ RunTime:0.001001s ]
INFO: [ app_begin ] --END-- [ RunTime:0.001001s ]
NOTIC: [8] Use of undefined constant email - assumed 'email' D:\wamp\www\blog\ThinkPHP\Common\functions.php 第 588 行.
SQL: SHOW COLUMNS FROM `tp_user` [ RunTime:0.0030s ]
NOTIC: [8] Undefined index: validate D:\wamp\www\blog\ThinkPHP\Library\Think\Model.class.php 第 1185 行.

[ 2016-03-18T10:10:14+08:00 ] ::1 /index.php/Admin/Login/index
INFO: [ app_begin ] --START--
INFO: Run Behavior\ReadHtmlCacheBehavior [ RunTime:0.000000s ]
INFO: [ app_begin ] --END-- [ RunTime:0.001000s ]
NOTIC: [8] Use of undefined constant email - assumed 'email' D:\wamp\www\blog\ThinkPHP\Common\functions.php 第 588 行.
SQL: SHOW COLUMNS FROM `tp_user` [ RunTime:0.0030s ]
NOTIC: [8] Undefined index: validate D:\wamp\www\blog\ThinkPHP\Library\Think\Model.class.php 第 1185 行.

[ 2016-03-18T10:10:14+08:00 ] ::1 /index.php/Admin/Login/index
INFO: [ app_begin ] --START--
INFO: Run Behavior\ReadHtmlCacheBehavior [ RunTime:0.001000s ]
INFO: [ app_begin ] --END-- [ RunTime:0.001000s ]
NOTIC: [8] Use of undefined constant email - assumed 'email' D:\wamp\www\blog\ThinkPHP\Common\functions.php 第 588 行.
SQL: SHOW COLUMNS FROM `tp_user` [ RunTime:0.0030s ]
NOTIC: [8] Undefined index: validate D:\wamp\www\blog\ThinkPHP\Library\Think\Model.class.php 第 1185 行.

[ 2016-03-18T10:10:14+08:00 ] ::1 /index.php/Admin/Login/index
INFO: [ app_begin ] --START--
INFO: Run Behavior\ReadHtmlCacheBehavior [ RunTime:0.001000s ]
INFO: [ app_begin ] --END-- [ RunTime:0.001000s ]
NOTIC: [8] Use of undefined constant email - assumed 'email' D:\wamp\www\blog\ThinkPHP\Common\functions.php 第 588 行.
SQL: SHOW COLUMNS FROM `tp_user` [ RunTime:0.0030s ]
NOTIC: [8] Undefined index: validate D:\wamp\www\blog\ThinkPHP\Library\Think\Model.class.php 第 1185 行.

[ 2016-03-18T10:10:14+08:00 ] ::1 /index.php/Admin/Login/index
INFO: [ app_begin ] --START--
INFO: Run Behavior\ReadHtmlCacheBehavior [ RunTime:0.001000s ]
INFO: [ app_begin ] --END-- [ RunTime:0.001000s ]
NOTIC: [8] Use of undefined constant email - assumed 'email' D:\wamp\www\blog\ThinkPHP\Common\functions.php 第 588 行.
SQL: SHOW COLUMNS FROM `tp_user` [ RunTime:0.0030s ]
NOTIC: [8] Undefined index: validate D:\wamp\www\blog\ThinkPHP\Library\Think\Model.class.php 第 1185 行.

[ 2016-03-18T10:10:15+08:00 ] ::1 /index.php/Admin/Login/index
INFO: [ app_begin ] --START--
INFO: Run Behavior\ReadHtmlCacheBehavior [ RunTime:0.001000s ]
INFO: [ app_begin ] --END-- [ RunTime:0.001000s ]
NOTIC: [8] Use of undefined constant email - assumed 'email' D:\wamp\www\blog\ThinkPHP\Common\functions.php 第 588 行.
SQL: SHOW COLUMNS FROM `tp_user` [ RunTime:0.0030s ]
NOTIC: [8] Undefined index: validate D:\wamp\www\blog\ThinkPHP\Library\Think\Model.class.php 第 1185 行.

[ 2016-03-18T10:10:15+08:00 ] ::1 /index.php/Admin/Login/index
INFO: [ app_begin ] --START--
INFO: Run Behavior\ReadHtmlCacheBehavior [ RunTime:0.001000s ]
INFO: [ app_begin ] --END-- [ RunTime:0.001000s ]
NOTIC: [8] Use of undefined constant email - assumed 'email' D:\wamp\www\blog\ThinkPHP\Common\functions.php 第 588 行.
SQL: SHOW COLUMNS FROM `tp_user` [ RunTime:0.0030s ]
NOTIC: [8] Undefined index: validate D:\wamp\www\blog\ThinkPHP\Library\Think\Model.class.php 第 1185 行.

[ 2016-03-18T10:10:40+08:00 ] ::1 /index.php/Admin/Login/index
INFO: [ app_begin ] --START--
INFO: Run Behavior\ReadHtmlCacheBehavior [ RunTime:0.000000s ]
INFO: [ app_begin ] --END-- [ RunTime:0.001000s ]
NOTIC: [8] Use of undefined constant email - assumed 'email' D:\wamp\www\blog\ThinkPHP\Common\functions.php 第 588 行.
SQL: SHOW COLUMNS FROM `tp_user` [ RunTime:0.0030s ]
NOTIC: [8] Undefined index: validate D:\wamp\www\blog\ThinkPHP\Library\Think\Model.class.php 第 1185 行.

[ 2016-03-18T10:10:40+08:00 ] ::1 /index.php/Admin/Login/index
INFO: [ app_begin ] --START--
INFO: Run Behavior\ReadHtmlCacheBehavior [ RunTime:0.000000s ]
INFO: [ app_begin ] --END-- [ RunTime:0.001000s ]
NOTIC: [8] Use of undefined constant email - assumed 'email' D:\wamp\www\blog\ThinkPHP\Common\functions.php 第 588 行.
SQL: SHOW COLUMNS FROM `tp_user` [ RunTime:0.0030s ]
NOTIC: [8] Undefined index: validate D:\wamp\www\blog\ThinkPHP\Library\Think\Model.class.php 第 1185 行.

[ 2016-03-18T10:11:52+08:00 ] 127.0.0.1 /index.php/Admin/Category/index
ERR: 无法加载控制器:List

[ 2016-03-18T10:11:55+08:00 ] 127.0.0.1 /index.php/Admin/Category/addCate
ERR: 无法加载控制器:List

[ 2016-03-18T10:20:05+08:00 ] 127.0.0.1 /index.php/Admin/Category/index
ERR: 无法加载控制器:List

